0 info it worked if it ends with ok
1 verbose cli [ '/usr/bin/nodejs',
1 verbose cli   '/usr/bin/npm',
1 verbose cli   'install',
1 verbose cli   '-g',
1 verbose cli   'live-server' ]
2 info using npm@1.3.10
3 info using node@v0.10.25
4 verbose cache add [ 'live-server', null ]
5 verbose cache add name=undefined spec="live-server" args=["live-server",null]
6 verbose parsed url { protocol: null,
6 verbose parsed url   slashes: null,
6 verbose parsed url   auth: null,
6 verbose parsed url   host: null,
6 verbose parsed url   port: null,
6 verbose parsed url   hostname: null,
6 verbose parsed url   hash: null,
6 verbose parsed url   search: null,
6 verbose parsed url   query: null,
6 verbose parsed url   pathname: 'live-server',
6 verbose parsed url   path: 'live-server',
6 verbose parsed url   href: 'live-server' }
7 silly lockFile 9528180e-live-server live-server
8 verbose lock live-server /home/svuser/.npm/9528180e-live-server.lock
9 silly lockFile 9528180e-live-server live-server
10 silly lockFile 9528180e-live-server live-server
11 verbose addNamed [ 'live-server', '' ]
12 verbose addNamed [ null, '*' ]
13 silly lockFile 180ee697-live-server live-server@
14 verbose lock live-server@ /home/svuser/.npm/180ee697-live-server.lock
15 silly addNameRange { name: 'live-server', range: '*', hasData: false }
16 verbose url raw live-server
17 verbose url resolving [ 'https://registry.npmjs.org/', './live-server' ]
18 verbose url resolved https://registry.npmjs.org/live-server
19 info trying registry request attempt 1 at 19:03:20
20 http GET https://registry.npmjs.org/live-server
21 http 200 https://registry.npmjs.org/live-server
22 silly registry.get cb [ 200,
22 silly registry.get   { date: 'Wed, 08 Apr 2015 16:03:20 GMT',
22 silly registry.get     server: 'CouchDB/1.5.0 (Erlang OTP/R16B03)',
22 silly registry.get     etag: '"6Y3A8AO8T8GW0MCLG42360LDA"',
22 silly registry.get     'content-type': 'application/json',
22 silly registry.get     'cache-control': 'max-age=60',
22 silly registry.get     'content-length': '20058',
22 silly registry.get     'accept-ranges': 'bytes',
22 silly registry.get     via: '1.1 varnish',
22 silly registry.get     age: '2',
22 silly registry.get     'x-served-by': 'cache-fra1243-FRA',
22 silly registry.get     'x-cache': 'HIT',
22 silly registry.get     'x-cache-hits': '2',
22 silly registry.get     'x-timer': 'S1428509000.834784,VS0,VE0',
22 silly registry.get     vary: 'Accept',
22 silly registry.get     'keep-alive': 'timeout=10, max=50',
22 silly registry.get     connection: 'Keep-Alive' } ]
23 silly addNameRange number 2 { name: 'live-server', range: '*', hasData: true }
24 silly addNameRange versions [ 'live-server',
24 silly addNameRange   [ '0.1.0',
24 silly addNameRange     '0.1.1',
24 silly addNameRange     '0.2.0',
24 silly addNameRange     '0.3.0',
24 silly addNameRange     '0.4.0',
24 silly addNameRange     '0.5.0',
24 silly addNameRange     '0.6.0',
24 silly addNameRange     '0.6.1',
24 silly addNameRange     '0.6.2',
24 silly addNameRange     '0.6.3',
24 silly addNameRange     '0.6.4',
24 silly addNameRange     '0.7.0',
24 silly addNameRange     '0.7.1' ] ]
25 verbose addNamed [ 'live-server', '0.7.1' ]
26 verbose addNamed [ '0.7.1', '0.7.1' ]
27 silly lockFile 26730d42-live-server-0-7-1 live-server@0.7.1
28 verbose lock live-server@0.7.1 /home/svuser/.npm/26730d42-live-server-0-7-1.lock
29 silly lockFile 468a93cf-ive-server-live-server-0-7-1-tgz https://registry.npmjs.org/live-server/-/live-server-0.7.1.tgz
30 verbose lock https://registry.npmjs.org/live-server/-/live-server-0.7.1.tgz /home/svuser/.npm/468a93cf-ive-server-live-server-0-7-1-tgz.lock
31 verbose addRemoteTarball [ 'https://registry.npmjs.org/live-server/-/live-server-0.7.1.tgz',
31 verbose addRemoteTarball   '0990b3d4fc9ab7e59559ddf31fd25591ff8dc5a9' ]
32 info retry fetch attempt 1 at 19:03:20
33 verbose fetch to= /home/svuser/tmp/npm-8365-ctzTg9lU/1428509000853-0.32647396298125386/tmp.tgz
34 http GET https://registry.npmjs.org/live-server/-/live-server-0.7.1.tgz
35 http 200 https://registry.npmjs.org/live-server/-/live-server-0.7.1.tgz
36 verbose tar unpack /home/svuser/tmp/npm-8365-ctzTg9lU/1428509000853-0.32647396298125386/tmp.tgz
37 silly lockFile 049d4cc3-0853-0-32647396298125386-package tar:///home/svuser/tmp/npm-8365-ctzTg9lU/1428509000853-0.32647396298125386/package
38 verbose lock tar:///home/svuser/tmp/npm-8365-ctzTg9lU/1428509000853-0.32647396298125386/package /home/svuser/.npm/049d4cc3-0853-0-32647396298125386-package.lock
39 silly lockFile 78473a9b-0853-0-32647396298125386-tmp-tgz tar:///home/svuser/tmp/npm-8365-ctzTg9lU/1428509000853-0.32647396298125386/tmp.tgz
40 verbose lock tar:///home/svuser/tmp/npm-8365-ctzTg9lU/1428509000853-0.32647396298125386/tmp.tgz /home/svuser/.npm/78473a9b-0853-0-32647396298125386-tmp-tgz.lock
41 silly gunzTarPerm modes [ '755', '644' ]
42 silly gunzTarPerm extractEntry package.json
43 silly gunzTarPerm modified mode [ 'package.json', 436, 420 ]
44 silly gunzTarPerm extractEntry .npmignore
45 silly gunzTarPerm modified mode [ '.npmignore', 436, 420 ]
46 silly gunzTarPerm extractEntry README.md
47 silly gunzTarPerm modified mode [ 'README.md', 436, 420 ]
48 silly gunzTarPerm extractEntry index.js
49 silly gunzTarPerm modified mode [ 'index.js', 436, 420 ]
50 silly gunzTarPerm extractEntry live-server.js
51 silly gunzTarPerm modified mode [ 'live-server.js', 509, 493 ]
52 silly gunzTarPerm extractEntry injected.html
53 silly gunzTarPerm modified mode [ 'injected.html', 436, 420 ]
54 silly lockFile 049d4cc3-0853-0-32647396298125386-package tar:///home/svuser/tmp/npm-8365-ctzTg9lU/1428509000853-0.32647396298125386/package
55 silly lockFile 049d4cc3-0853-0-32647396298125386-package tar:///home/svuser/tmp/npm-8365-ctzTg9lU/1428509000853-0.32647396298125386/package
56 silly lockFile 78473a9b-0853-0-32647396298125386-tmp-tgz tar:///home/svuser/tmp/npm-8365-ctzTg9lU/1428509000853-0.32647396298125386/tmp.tgz
57 silly lockFile 78473a9b-0853-0-32647396298125386-tmp-tgz tar:///home/svuser/tmp/npm-8365-ctzTg9lU/1428509000853-0.32647396298125386/tmp.tgz
58 verbose tar pack [ '/home/svuser/.npm/live-server/0.7.1/package.tgz',
58 verbose tar pack   '/home/svuser/tmp/npm-8365-ctzTg9lU/1428509000853-0.32647396298125386/package' ]
59 verbose tarball /home/svuser/.npm/live-server/0.7.1/package.tgz
60 verbose folder /home/svuser/tmp/npm-8365-ctzTg9lU/1428509000853-0.32647396298125386/package
61 silly lockFile 049d4cc3-0853-0-32647396298125386-package tar:///home/svuser/tmp/npm-8365-ctzTg9lU/1428509000853-0.32647396298125386/package
62 verbose lock tar:///home/svuser/tmp/npm-8365-ctzTg9lU/1428509000853-0.32647396298125386/package /home/svuser/.npm/049d4cc3-0853-0-32647396298125386-package.lock
63 silly lockFile 478fc668-pm-live-server-0-7-1-package-tgz tar:///home/svuser/.npm/live-server/0.7.1/package.tgz
64 verbose lock tar:///home/svuser/.npm/live-server/0.7.1/package.tgz /home/svuser/.npm/478fc668-pm-live-server-0-7-1-package-tgz.lock
65 silly lockFile 049d4cc3-0853-0-32647396298125386-package tar:///home/svuser/tmp/npm-8365-ctzTg9lU/1428509000853-0.32647396298125386/package
66 silly lockFile 049d4cc3-0853-0-32647396298125386-package tar:///home/svuser/tmp/npm-8365-ctzTg9lU/1428509000853-0.32647396298125386/package
67 silly lockFile 478fc668-pm-live-server-0-7-1-package-tgz tar:///home/svuser/.npm/live-server/0.7.1/package.tgz
68 silly lockFile 478fc668-pm-live-server-0-7-1-package-tgz tar:///home/svuser/.npm/live-server/0.7.1/package.tgz
69 silly lockFile 8993c68c-er-npm-live-server-0-7-1-package /home/svuser/.npm/live-server/0.7.1/package
70 verbose lock /home/svuser/.npm/live-server/0.7.1/package /home/svuser/.npm/8993c68c-er-npm-live-server-0-7-1-package.lock
71 silly lockFile 8993c68c-er-npm-live-server-0-7-1-package /home/svuser/.npm/live-server/0.7.1/package
72 silly lockFile 8993c68c-er-npm-live-server-0-7-1-package /home/svuser/.npm/live-server/0.7.1/package
73 verbose tar unpack /home/svuser/.npm/live-server/0.7.1/package.tgz
74 silly lockFile 01277cbb-er-npm-live-server-0-7-1-package tar:///home/svuser/.npm/live-server/0.7.1/package
75 verbose lock tar:///home/svuser/.npm/live-server/0.7.1/package /home/svuser/.npm/01277cbb-er-npm-live-server-0-7-1-package.lock
76 silly lockFile 478fc668-pm-live-server-0-7-1-package-tgz tar:///home/svuser/.npm/live-server/0.7.1/package.tgz
77 verbose lock tar:///home/svuser/.npm/live-server/0.7.1/package.tgz /home/svuser/.npm/478fc668-pm-live-server-0-7-1-package-tgz.lock
78 silly gunzTarPerm modes [ '755', '644' ]
79 silly gunzTarPerm extractEntry package.json
80 silly gunzTarPerm extractEntry .npmignore
81 silly gunzTarPerm extractEntry README.md
82 silly gunzTarPerm extractEntry index.js
83 silly gunzTarPerm extractEntry live-server.js
84 silly gunzTarPerm extractEntry injected.html
85 silly lockFile 01277cbb-er-npm-live-server-0-7-1-package tar:///home/svuser/.npm/live-server/0.7.1/package
86 silly lockFile 01277cbb-er-npm-live-server-0-7-1-package tar:///home/svuser/.npm/live-server/0.7.1/package
87 silly lockFile 478fc668-pm-live-server-0-7-1-package-tgz tar:///home/svuser/.npm/live-server/0.7.1/package.tgz
88 silly lockFile 478fc668-pm-live-server-0-7-1-package-tgz tar:///home/svuser/.npm/live-server/0.7.1/package.tgz
89 verbose chmod /home/svuser/.npm/live-server/0.7.1/package.tgz 644
90 verbose chown /home/svuser/.npm/live-server/0.7.1/package.tgz [ 1000, 1000 ]
91 silly lockFile 468a93cf-ive-server-live-server-0-7-1-tgz https://registry.npmjs.org/live-server/-/live-server-0.7.1.tgz
92 silly lockFile 468a93cf-ive-server-live-server-0-7-1-tgz https://registry.npmjs.org/live-server/-/live-server-0.7.1.tgz
93 silly lockFile 26730d42-live-server-0-7-1 live-server@0.7.1
94 silly lockFile 26730d42-live-server-0-7-1 live-server@0.7.1
95 silly lockFile 180ee697-live-server live-server@
96 silly lockFile 180ee697-live-server live-server@
97 silly resolved [ { name: 'live-server',
97 silly resolved     version: '0.7.1',
97 silly resolved     description: 'simple development http server with live reload capability',
97 silly resolved     keywords: [ 'front-end', 'development', 'tool', 'server', 'http', 'cli' ],
97 silly resolved     author: { name: 'Tapio Vierros' },
97 silly resolved     dependencies:
97 silly resolved      { connect: '2.x.x',
97 silly resolved        send: 'latest',
97 silly resolved        colors: 'latest',
97 silly resolved        open: 'latest',
97 silly resolved        watchr: '2.3.x',
97 silly resolved        'faye-websocket': '0.9.x',
97 silly resolved        'event-stream': 'latest' },
97 silly resolved     scripts: { test: 'jshint *.js' },
97 silly resolved     bin: { 'live-server': './live-server.js' },
97 silly resolved     repository: { type: 'git', url: 'https://github.com/tapio/live-server.git' },
97 silly resolved     engines: { node: '>=0.8.0' },
97 silly resolved     preferGlobal: true,
97 silly resolved     license: 'MIT',
97 silly resolved     readme: '[![view on npm](http://img.shields.io/npm/v/live-server.svg)](https://www.npmjs.org/package/live-server)\n[![npm module downloads per month](http://img.shields.io/npm/dm/live-server.svg)](https://www.npmjs.org/package/live-server)\n\nLive Server\n===========\n\nThis is a little development server with live reload capability. Use it for hacking your HTML/JavaScript/CSS files, but not for deploying the final site.\n\nThere are two reasons for using this:\n\n1. AJAX requests don\'t work with the `file://` protocol due to security restrictions, i.e. you need a server if your site fetches content through JavaScript.\n2. Having the page reload automatically after changes to files can accelerate development.\n\nIf you don\'t want/need the live reload, you should probably use something simpler, like the following Python-based one-liner:\n\n\tpython -m SimpleHTTPServer\n\n\nInstallation\n------------\n\nYou need node.js and npm. You should probably install this globally.\n\n**Npm way**\n\n\tnpm install -g live-server\n\n**Manual way**\n\n\tgit clone https://github.com/tapio/live-server\n\tcd live-server\n\tnpm install # Local dependencies if you want to hack\n\tnpm install -g # Install globally\n\n\nUsage from command line\n-----------------------\n\nIssue the command `live-server` in your project\'s directory. Alternatively you can add the path to serve as a command line parameter.\n\nThis will automatically launch the default browser (you should have `index.html` present). When you make a change to any file, the browser will reload the page - unless it was a CSS file in which case the changes are applied without a reload.\n\nYou can configure the port to be used by the server by adding the `--port=<number>` runtime option when invoking live-server, or by setting the `PORT` environment variable prior to running live-server.\n\nAdditional parameters:\n\n* `--no-browser` - suppress automatic web browser launching\n* `--quiet` - suppress logging\n* `--open=PATH` - launch browser to PATH instead of server root\n\n\nUsage from node\n---------------\n\n```javascript\nvar liveServer = require("live-server");\n\nvar params = {\n\tport: 8181, // Set the server port. Defaults to 8080.\n\thost: "0.0.0.0", // Set the address to bind to. Defaults to 0.0.0.0.\n\troot: "/public", // Set root directory that\'s being server. Defaults to cwd.\n\topen: false // When false, it won\'t load your browser by default.\n};\nliveServer.start(params);\n```\n\n\nTroubleshooting\n---------------\n\nOpen your browser\'s console: there should be a message at the top stating that live reload is enabled. If there are errors, deal with them. You will need a browser that supports WebSockets.\n\n\nHow it works\n------------\n\nThe server is a simple node app that serves the working directory and its subdirectories. It also watches the files for changes and when that happens, it sends a message through a web socket connection to the browser instructing it to reload. In order for the client side to support this, the server injects a small piece of JavaScript code to each requested html file. This script establishes the web socket connection and listens to the reload requests.\n\n\nVersion history\n---------------\n\n* v0.7.1\n\t- Fix hang caused by trying to inject into fragment html files without `</body>`\n\t- `logLevel` parameter in library to control amount of console spam\n\t- `--quiet` cli option to suppress console spam\n\t- `--open=PATH` cli option to launch browser in specified path instead of root (@richardgoater)\n\t- Library\'s `noBrowser: true` option is deprecated in favor of `open: false`\n* v0.7.0\n\t- API BREAKAGE: LiveServer library now takes parameters in an object\n\t- Added possibility to specify host to the lib\n\t- Only inject to host page when working with web components (e.g. Polymer) (@davej)\n\t- Open browser to 127.0.0.1, as 0.0.0.0 has issues\n\t- `--no-browser` command line flag to suppress browser launch\n\t- `--help` command line flag to display usage\n* v0.6.4\n\t- Allow specifying port from the command line: `live-server --port=3000` (@Pomax)\n\t- Don\'t inject script as the first thing so that DOCTYPE remains valid (@wmira)\n\t- Be more explicit with listening to all interfaces (@inadarei)\n* v0.6.3\n\t- Fix multiple _cacheOverride parameters polluting css requests\n\t- Don\'t create global variables in the injected script\n* v0.6.2\n\t- Fix a deprecation warning from `send`\n* v0.6.1\n\t- Republish to fix npm troubles\n* v0.6.0\n\t- Support for using as node library (@dpgraham)\n* v0.5.0\n\t- Watching was broken with new versions of `watchr` > 2.3.3\n\t- Added some logging to console\n* v0.4.0\n\t- Allow specifying directory to serve from command line\n* v0.3.0\n\t- Directory listings\n* v0.2.0\n\t- On-the-fly CSS refresh (no page reload)\n\t- Refactoring\n* v0.1.1\n\t- Documentation and meta tweaks\n* v0.1.0\n\t- Initial release\n\n\nLicense\n-------\n\nUses MIT licensed code from [Connect](https://github.com/senchalabs/connect/) and  [Roots](https://github.com/jenius/roots).\n\n(MIT License)\n\nCopyright (c) 2012 Tapio Vierros\n\nPermission is hereby granted, free of charge, to any person obtaining a copy of this software and associated documentation files (the "Software"), to deal in the Software without restriction, including without limitation the rights to use, copy, modify, merge, publish, distribute, sublicense, and/or sell copies of the Software, and to permit persons to whom the Software is furnished to do so, subject to the following conditions:\n\nThe above copyright notice and this permission notice shall be included in all copies or substantial portions of the Software.\n\nTHE SOFTWARE IS PROVIDED "AS IS", WITHOUT WARRANTY OF ANY KIND, EXPRESS OR IMPLIED, INCLUDING BUT NOT LIMITED TO THE WARRANTIES OF MERCHANTABILITY, FITNESS FOR A PARTICULAR PURPOSE AND NONINFRINGEMENT. IN NO EVENT SHALL THE AUTHORS OR COPYRIGHT HOLDERS BE LIABLE FOR ANY CLAIM, DAMAGES OR OTHER LIABILITY, WHETHER IN AN ACTION OF CONTRACT, TORT OR OTHERWISE, ARISING FROM, OUT OF OR IN CONNECTION WITH THE SOFTWARE OR THE USE OR OTHER DEALINGS IN THE SOFTWARE.\n',
97 silly resolved     readmeFilename: 'README.md',
97 silly resolved     bugs: { url: 'https://github.com/tapio/live-server/issues' },
97 silly resolved     _id: 'live-server@0.7.1',
97 silly resolved     dist: { shasum: 'be487d2bb1f59c37d0efb1f1ce8fd077b5256fac' },
97 silly resolved     _from: 'live-server@',
97 silly resolved     _resolved: 'https://registry.npmjs.org/live-server/-/live-server-0.7.1.tgz' } ]
98 info install live-server@0.7.1 into /usr/local/lib
99 info installOne live-server@0.7.1
100 info /usr/local/lib/node_modules/live-server unbuild
101 verbose tar unpack /home/svuser/.npm/live-server/0.7.1/package.tgz
102 silly lockFile a5a979dc-cal-lib-node-modules-live-server tar:///usr/local/lib/node_modules/live-server
103 verbose lock tar:///usr/local/lib/node_modules/live-server /home/svuser/.npm/a5a979dc-cal-lib-node-modules-live-server.lock
104 silly lockFile 478fc668-pm-live-server-0-7-1-package-tgz tar:///home/svuser/.npm/live-server/0.7.1/package.tgz
105 verbose lock tar:///home/svuser/.npm/live-server/0.7.1/package.tgz /home/svuser/.npm/478fc668-pm-live-server-0-7-1-package-tgz.lock
106 silly gunzTarPerm modes [ '755', '644' ]
107 error Error: EACCES, mkdir '/usr/local/lib/node_modules'
107 error  { [Error: EACCES, mkdir '/usr/local/lib/node_modules']
107 error   errno: 3,
107 error   code: 'EACCES',
107 error   path: '/usr/local/lib/node_modules',
107 error   fstream_type: 'Directory',
107 error   fstream_path: '/usr/local/lib/node_modules/live-server',
107 error   fstream_class: 'DirWriter',
107 error   fstream_stack:
107 error    [ '/usr/lib/nodejs/fstream/lib/writer.js:171:23',
107 error      '/usr/lib/nodejs/mkdirp/index.js:37:53',
107 error      'Object.oncomplete (fs.js:107:15)' ] }
108 error Please try running this command again as root/Administrator.
109 error System Linux 3.13.0-48-generic
110 error command "/usr/bin/nodejs" "/usr/bin/npm" "install" "-g" "live-server"
111 error cwd /home/svuser/workspace/sv
112 error node -v v0.10.25
113 error npm -v 1.3.10
114 error path /usr/local/lib/node_modules
115 error fstream_path /usr/local/lib/node_modules/live-server
116 error fstream_type Directory
117 error fstream_class DirWriter
118 error code EACCES
119 error errno 3
120 error stack Error: EACCES, mkdir '/usr/local/lib/node_modules'
121 error fstream_stack /usr/lib/nodejs/fstream/lib/writer.js:171:23
121 error fstream_stack /usr/lib/nodejs/mkdirp/index.js:37:53
121 error fstream_stack Object.oncomplete (fs.js:107:15)
122 verbose exit [ 3, true ]
